d:\c\arm\arm\x64\debug\vc143.pdb
d:\c\arm\arm\x64\debug\vc143.idb
d:\c\arm\arm\x64\debug\matrix.obj
d:\c\arm\arm\x64\debug\main.obj
d:\c\arm\arm\x64\debug\dh.obj
d:\c\arm\x64\debug\arm.exe
d:\c\arm\arm\x64\debug\arm.ilk
d:\c\arm\x64\debug\arm.pdb
e:\code\arm\arm\x64\debug\dh.obj
e:\code\arm\arm\x64\debug\main.obj
e:\code\arm\arm\x64\debug\matrix.obj
e:\code\arm\arm\x64\debug\arm.ilk
e:\code\arm\arm\x64\debug\vc143.idb
e:\code\arm\arm\x64\debug\vc143.pdb
e:\code\arm\x64\debug\arm.pdb
e:\code\arm\x64\debug\arm.exe
e:\code\arm\arm\x64\debug\arm.tlog\cl.command.1.tlog
e:\code\arm\arm\x64\debug\arm.tlog\cl.read.1.tlog
e:\code\arm\arm\x64\debug\arm.tlog\cl.write.1.tlog
e:\code\arm\arm\x64\debug\arm.tlog\link.command.1.tlog
e:\code\arm\arm\x64\debug\arm.tlog\link.read.1.tlog
e:\code\arm\arm\x64\debug\arm.tlog\link.write.1.tlog
